<?xml version="1.0" encoding="UTF-8"?>
<testng-results ignored="3" total="4" passed="1" failed="0" skipped="0">
  <reporter-output>
  </reporter-output>
  <suite started-at="2023-05-08T23:30:05 IST" name="Default suite" finished-at="2023-05-08T23:30:05 IST" duration-ms="70">
    <groups>
    </groups>
    <test started-at="2023-05-08T23:30:05 IST" name="Default test" finished-at="2023-05-08T23:30:05 IST" duration-ms="70">
      <class name="TestNG.annotations4">
        <test-method is-config="true" signature="gmailApplicationLaunch()[pri:0, instance:TestNG.annotations4@5c909414]" started-at="2023-05-08T23:30:05 IST" name="gmailApplicationLaunch" finished-at="2023-05-08T23:30:05 IST" duration-ms="7" status="PASS">
          <reporter-output>
          </reporter-output>
        </test-method> <!-- gmailApplicationLaunch -->
        <test-method signature="gmailApplicationInBoxTest()[pri:1, instance:TestNG.annotations4@5c909414]" started-at="2023-05-08T23:30:05 IST" name="gmailApplicationInBoxTest" description=" Testing Inbox functionality of Gmail Application " finished-at="2023-05-08T23:30:05 IST" duration-ms="10" status="PASS">
          <reporter-output>
          </reporter-output>
        </test-method> <!-- gmailApplicationInBoxTest -->
        <test-method is-config="true" signature="gmailApplicationClose()[pri:0, instance:TestNG.annotations4@5c909414]" started-at="2023-05-08T23:30:05 IST" name="gmailApplicationClose" finished-at="2023-05-08T23:30:05 IST" duration-ms="2" status="PASS">
          <reporter-output>
          </reporter-output>
        </test-method> <!-- gmailApplicationClose -->
      </class> <!-- TestNG.annotations4 -->
    </test> <!-- Default test -->
  </suite> <!-- Default suite -->
</testng-results>
