<?xml version="1.0" encoding="UTF-8"?>
<!-- Generated by org.testng.reporters.JUnitXMLReporter -->
<testsuite ignored="3" hostname="LAPTOP-TTFMFTTA" failures="0" tests="1" name="Default test" time="0.07" errors="0" timestamp="2023-05-08T23:30:05 IST">
  <testcase classname="TestNG.annotations4" name="gmailApplicationInBoxTest" time="0.01"/>
  <testcase classname="TestNG.annotations4" name="gmailApplicationComposeMailTest" time="0.0">
    <ignored/>
  </testcase> <!-- gmailApplicationComposeMailTest -->
  <testcase classname="TestNG.annotations4" name="gmailApplicationSentMailTest" time="0.0">
    <ignored/>
  </testcase> <!-- gmailApplicationSentMailTest -->
  <testcase classname="TestNG.annotations4" name="gmailApplicationDraftsTest" time="0.0">
    <ignored/>
  </testcase> <!-- gmailApplicationDraftsTest -->
</testsuite> <!-- Default test -->
