<?xml version="1.0" encoding="UTF-8"?>
<!-- Generated by org.testng.reporters.JUnitXMLReporter -->
<testsuite ignored="0" hostname="LAPTOP-TTFMFTTA" failures="0" tests="2" name="Default test" time="17.935" errors="0" timestamp="2023-05-31T12:13:14 IST">
  <testcase classname="com.BaseTest.BaseTest" name="ffg" time="0.016"/>
  <testcase classname="com.OrangeHRMApplicationWebPagesTests.OrangeHRMAddEmployeePageTest" name="validatingAddEmployeeHeaderTextTest" time="9.636"/>
</testsuite> <!-- Default test -->
